  AppDelegate.cpp
  Common.cpp
  FBUtils.cpp
  GameScene.cpp
  MainMenuScene.cpp
d:\sviluppo\wreckingmadness\classes\gamescene.cpp(191): warning C4018: '>': errata corrispondenza tra signed e unsigned
d:\sviluppo\wreckingmadness\classes\common.cpp(49): warning C4305: 'argomento': troncamento da 'double' a 'float'
d:\sviluppo\wreckingmadness\classes\gamescene.cpp(261): warning C4305: '+=': troncamento da 'double' a 'float'
d:\sviluppo\wreckingmadness\classes\common.cpp(50): warning C4305: 'argomento': troncamento da 'double' a 'float'
d:\sviluppo\wreckingmadness\classes\common.cpp(52): warning C4305: 'argomento': troncamento da 'double' a 'float'
d:\sviluppo\wreckingmadness\classes\common.cpp(116): warning C4305: 'argomento': troncamento da 'double' a 'float'
d:\sviluppo\wreckingmadness\classes\common.cpp(118): warning C4305: 'argomento': troncamento da 'double' a 'float'
d:\sviluppo\wreckingmadness\classes\common.cpp(255): warning C4018: '<': errata corrispondenza tra signed e unsigned
d:\sviluppo\wreckingmadness\classes\common.cpp(292): warning C4305: 'argomento': troncamento da 'double' a 'float'
  WreckingMadness.vcxproj -> D:\Sviluppo\wreckingmadness\proj.win32\Debug.win32\WreckingMadness.exe
  D:\Sviluppo\wreckingmadness\Resources\1x\mb_ret_n.png -> D:\Sviluppo\wreckingmadness\proj.win32\Debug.win32\1x\mb_ret_n.png
  D:\Sviluppo\wreckingmadness\Resources\1x\mb_ret_p.png -> D:\Sviluppo\wreckingmadness\proj.win32\Debug.win32\1x\mb_ret_p.png
  D:\Sviluppo\wreckingmadness\Resources\2x\mb_ret_n.png -> D:\Sviluppo\wreckingmadness\proj.win32\Debug.win32\2x\mb_ret_n.png
  D:\Sviluppo\wreckingmadness\Resources\2x\mb_ret_p.png -> D:\Sviluppo\wreckingmadness\proj.win32\Debug.win32\2x\mb_ret_p.png
  D:\Sviluppo\wreckingmadness\Resources\4x\mb_ret_n.png -> D:\Sviluppo\wreckingmadness\proj.win32\Debug.win32\4x\mb_ret_n.png
  D:\Sviluppo\wreckingmadness\Resources\4x\mb_ret_p.png -> D:\Sviluppo\wreckingmadness\proj.win32\Debug.win32\4x\mb_ret_p.png
  6 File copiati
